app/build/intermediates/manifest_merge_blame_file/debug/manifest-merger-blame-debug-report.txt
1<?xml version="1.0" encoding="utf-8"?>
2<manifest xmlns:android="http://schemas.android.com/apk/res/android"
3    package="com.patristar"
4    android:versionCode="1"
5    android:versionName="1.0" >
6
7    <uses-sdk
7-->src\main\AndroidManifest.xml:6:5-44
8        android:minSdkVersion="24"
8-->src\main\AndroidManifest.xml:6:15-41
9        android:targetSdkVersion="31" />
9-->src\main\AndroidManifest.xml:6:5-44
10
11    <application
11-->src\main\AndroidManifest.xml:8:5-22:19
12        android:appComponentFactory="android.support.v4.app.CoreComponentFactory"
12-->[com.android.support:support-compat:28.0.0] AndroidManifest.xml:22:18-91
13        android:debuggable="true"
14        android:extractNativeLibs="false"
15        android:icon="@drawable/icon"
15-->src\main\AndroidManifest.xml:8:18-47
16        android:label="@string/app_name"
16-->src\main\AndroidManifest.xml:8:48-80
17        android:testOnly="true" >
18        <activity
18-->src\main\AndroidManifest.xml:9:9-16:24
19            android:name="com.patristar.TabInit"
19-->src\main\AndroidManifest.xml:9:19-41
20            android:exported="true"
20-->src\main\AndroidManifest.xml:10:13-36
21            android:label="Tab Lab" >
21-->src\main\AndroidManifest.xml:11:13-36
22            <intent-filter>
22-->src\main\AndroidManifest.xml:12:13-15:29
23                <action android:name="android.intent.action.MAIN" />
23-->src\main\AndroidManifest.xml:13:17-69
23-->src\main\AndroidManifest.xml:13:25-66
24
25                <category android:name="android.intent.category.LAUNCHER" />
25-->src\main\AndroidManifest.xml:14:17-77
25-->src\main\AndroidManifest.xml:14:27-74
26            </intent-filter>
27        </activity>
28        <activity android:name="com.patristar.Activity1" />
28-->src\main\AndroidManifest.xml:17:9-45
28-->src\main\AndroidManifest.xml:17:19-43
29        <activity android:name="com.patristar.Activity2" />
29-->src\main\AndroidManifest.xml:18:9-45
29-->src\main\AndroidManifest.xml:18:19-43
30        <activity android:name="com.patristar.Activity3" />
30-->src\main\AndroidManifest.xml:19:9-45
30-->src\main\AndroidManifest.xml:19:19-43
31        <activity android:name="com.patristar.Activity4" />
31-->src\main\AndroidManifest.xml:20:9-46
31-->src\main\AndroidManifest.xml:20:19-44
32    </application>
33
34</manifest>